"C:/Users/Quentin Steinke/Desktop/Temp/MyProject/Content/FPWeapon/Materials/MaterialLayers/T_ML_FineRubber.uasset" 0
"C:/Users/Quentin Steinke/Desktop/Temp/MyProject/Content/FPWeapon/Materials/MaterialLayers/T_ML_FineRubber.uexp" 1
"C:/Users/Quentin Steinke/Desktop/Temp/MyProject/Content/FPWeapon/Materials/MaterialLayers/T_ML_FineRubber.ubulk" 2
"C:/Users/Quentin Steinke/Desktop/Temp/MyProject/Content/VRTemplate/Materials/Functions/MF_LightmassReplace.uasset" 3
"C:/Users/Quentin Steinke/Desktop/Temp/MyProject/Content/VRTemplate/Materials/Functions/MF_LightmassReplace.uexp" 4
"../../../Engine/Content/EngineMaterials/T_Default_Material_Grid_N.uasset" 5
"../../../Engine/Content/EngineMaterials/T_Default_Material_Grid_N.uexp" 6
"../../../Engine/Content/EngineMaterials/T_Default_Material_Grid_N.ubulk" 7
"../../../Engine/Content/EngineMaterials/T_Default_Material_Grid_M.uasset" 8
"../../../Engine/Content/EngineMaterials/T_Default_Material_Grid_M.uexp" 9
"../../../Engine/Content/EngineMaterials/T_Default_Material_Grid_M.ubulk" 10
"../../../Engine/Content/Functions/Engine_MaterialFunctions01/Opacity/CameraDepthFade.uasset" 11
"../../../Engine/Content/Functions/Engine_MaterialFunctions01/Opacity/CameraDepthFade.uexp" 12
"../../../Engine/Content/EngineMaterials/WorldGridMaterial.uasset" 13
"../../../Engine/Content/EngineMaterials/WorldGridMaterial.uexp" 14
"../../../Engine/Content/ArtTools/RenderToTexture/Meshes/S_1_Unit_Plane.uasset" 15
"../../../Engine/Content/ArtTools/RenderToTexture/Meshes/S_1_Unit_Plane.uexp" 16
"../../../Engine/Content/EngineMaterials/DefaultMaterial.uasset" 17
"../../../Engine/Content/EngineMaterials/DefaultMaterial.uexp" 18
"../../../Engine/Content/BasicShapes/Cone.uasset" 19
"../../../Engine/Content/BasicShapes/Cone.uexp" 20
"../../../Engine/Content/BasicShapes/Plane.uasset" 21
"../../../Engine/Content/BasicShapes/Plane.uexp" 22
"../../../Engine/Content/EditorLandscapeResources/DataLayer.uasset" 23
"../../../Engine/Content/EditorLandscapeResources/DataLayer.uexp" 24
"../../../Engine/Content/EditorLandscapeResources/DefaultAlphaTexture.uasset" 25
"../../../Engine/Content/EditorLandscapeResources/DefaultAlphaTexture.uexp" 26
"../../../Engine/Content/EditorMaterials/MAT_Groups_Toggle.uasset" 27
"../../../Engine/Content/EditorMaterials/MAT_Groups_Toggle.uexp" 28
"../../../Engine/Content/EditorMaterials/MAT_Groups_Visibility.uasset" 29
"../../../Engine/Content/EditorMaterials/MAT_Groups_Visibility.uexp" 30
"../../../Engine/Content/EditorMaterials/PreviewShadowIndicator.uasset" 31
"../../../Engine/Content/EditorMaterials/PreviewShadowIndicator.uexp" 32
"../../../Engine/Content/EditorMaterials/PreviewShadowIndicator.ubulk" 33
"../../../Engine/Content/EditorMaterials/PreviewShadowIndicatorMaterial.uasset" 34
"../../../Engine/Content/EditorMaterials/PreviewShadowIndicatorMaterial.uexp" 35
"../../../Engine/Content/EditorMaterials/MatineeGroups/MAT_ColorTrack.uasset" 36
"../../../Engine/Content/EditorMaterials/MatineeGroups/MAT_ColorTrack.uexp" 37
"../../../Engine/Content/EditorMaterials/MatineeGroups/MAT_Groups_Anim.uasset" 38
"../../../Engine/Content/EditorMaterials/MatineeGroups/MAT_Groups_Anim.uexp" 39
"../../../Engine/Content/EditorMaterials/MatineeGroups/MAT_Groups_AudioMaster.uasset" 40
"../../../Engine/Content/EditorMaterials/MatineeGroups/MAT_Groups_AudioMaster.uexp" 41
"../../../Engine/Content/EditorMaterials/MatineeGroups/MAT_Groups_Director.uasset" 42
"../../../Engine/Content/EditorMaterials/MatineeGroups/MAT_Groups_Director.uexp" 43
"../../../Engine/Content/EditorMaterials/MatineeGroups/MAT_Groups_Event.uasset" 44
"../../../Engine/Content/EditorMaterials/MatineeGroups/MAT_Groups_Event.uexp" 45
"../../../Engine/Content/EditorMaterials/MatineeGroups/MAT_Groups_Fade.uasset" 46
"../../../Engine/Content/EditorMaterials/MatineeGroups/MAT_Groups_Fade.uexp" 47
"../../../Engine/Content/EditorMaterials/MatineeGroups/MAT_Groups_Float.uasset" 48
"../../../Engine/Content/EditorMaterials/MatineeGroups/MAT_Groups_Float.uexp" 49
"../../../Engine/Content/EditorMaterials/MatineeGroups/MAT_Groups_Move.uasset" 50
"../../../Engine/Content/EditorMaterials/MatineeGroups/MAT_Groups_Move.uexp" 51
"../../../Engine/Content/EditorMaterials/MatineeGroups/MAT_Groups_Slomo.uasset" 52
"../../../Engine/Content/EditorMaterials/MatineeGroups/MAT_Groups_Slomo.uexp" 53
"../../../Engine/Content/EditorMaterials/MatineeGroups/MAT_Groups_Sound.uasset" 54
"../../../Engine/Content/EditorMaterials/MatineeGroups/MAT_Groups_Sound.uexp" 55
"../../../Engine/Content/EditorMaterials/MatineeGroups/MAT_Groups_Vector.uasset" 56
"../../../Engine/Content/EditorMaterials/MatineeGroups/MAT_Groups_Vector.uexp" 57
"../../../Engine/Content/EditorMaterials/ParticleSystems/PSysThumbnail_NoImage.uasset" 58
"../../../Engine/Content/EditorMaterials/ParticleSystems/PSysThumbnail_NoImage.uexp" 59
"../../../Engine/Content/EditorMaterials/ParticleSystems/PSysThumbnail_NoImage.ubulk" 60
"../../../Engine/Content/EditorMaterials/ParticleSystems/PSysThumbnail_OOD.uasset" 61
"../../../Engine/Content/EditorMaterials/ParticleSystems/PSysThumbnail_OOD.uexp" 62
"../../../Engine/Content/EditorMaterials/ParticleSystems/PSysThumbnail_OOD.ubulk" 63
"../../../Engine/Content/EditorMaterials/Camera/CineMat.uasset" 64
"../../../Engine/Content/EditorMaterials/Camera/CineMat.uexp" 65
"../../../Engine/Content/EditorMaterials/Camera/MI_CineMat_Rig.uasset" 66
"../../../Engine/Content/EditorMaterials/Camera/MI_CineMat_Rig.uexp" 67
"../../../Engine/Content/EditorMeshes/Camera/SM_CraneRig_Arm.uasset" 68
"../../../Engine/Content/EditorMeshes/Camera/SM_CraneRig_Arm.uexp" 69
"../../../Engine/Content/EditorMeshes/Camera/SM_CraneRig_Base.uasset" 70
"../../../Engine/Content/EditorMeshes/Camera/SM_CraneRig_Base.uexp" 71
"../../../Engine/Content/EditorMeshes/Camera/SM_CraneRig_Body.uasset" 72
"../../../Engine/Content/EditorMeshes/Camera/SM_CraneRig_Body.uexp" 73
"../../../Engine/Content/EditorMeshes/Camera/SM_CraneRig_Mount.uasset" 74
"../../../Engine/Content/EditorMeshes/Camera/SM_CraneRig_Mount.uexp" 75
"../../../Engine/Content/EditorMeshes/Camera/SM_RailRig_Mount.uasset" 76
"../../../Engine/Content/EditorMeshes/Camera/SM_RailRig_Mount.uexp" 77
"../../../Engine/Content/EditorMeshes/Camera/SM_RailRig_Track.uasset" 78
"../../../Engine/Content/EditorMeshes/Camera/SM_RailRig_Track.uexp" 79
"../../../Engine/Content/EditorResources/BSPVertex.uasset" 80
"../../../Engine/Content/EditorResources/BSPVertex.uexp" 81
"../../../Engine/Content/EditorResources/EmptyActor.uasset" 82
"../../../Engine/Content/EditorResources/EmptyActor.uexp" 83
"../../../Engine/Content/EditorResources/S_Actor.uasset" 84
"../../../Engine/Content/EditorResources/S_Actor.uexp" 85
"../../../Engine/Content/EditorResources/S_Actor.ubulk" 86
"../../../Engine/Content/EditorResources/S_Note.uasset" 87
"../../../Engine/Content/EditorResources/S_Note.uexp" 88
"../../../Engine/Content/EditorResources/S_Note.ubulk" 89
"../../../Engine/Content/EditorResources/S_Solver.uasset" 90
"../../../Engine/Content/EditorResources/S_Solver.uexp" 91
"../../../Engine/Content/EditorResources/S_Solver.ubulk" 92
"../../../Engine/Content/EditorResources/S_Terrain.uasset" 93
"../../../Engine/Content/EditorResources/S_Terrain.uexp" 94
"../../../Engine/Content/EditorResources/S_Terrain.ubulk" 95
"../../../Engine/Content/EditorResources/S_Trigger.uasset" 96
"../../../Engine/Content/EditorResources/S_Trigger.uexp" 97
"../../../Engine/Content/EditorResources/S_Trigger.ubulk" 98
"../../../Engine/Content/EditorResources/AudioIcons/S_AudioComponent_AutoActivate.uasset" 99
"../../../Engine/Content/EditorResources/AudioIcons/S_AudioComponent_AutoActivate.uexp" 100
"../../../Engine/Content/EditorResources/AudioIcons/S_AudioComponent_AutoActivate.ubulk" 101
"../../../Engine/Content/EditorResources/LightIcons/S_LightError.uasset" 102
"../../../Engine/Content/EditorResources/LightIcons/S_LightError.uexp" 103
"../../../Engine/Content/EditorResources/SequenceRecorder/Countdown.uasset" 104
"../../../Engine/Content/EditorResources/SequenceRecorder/Countdown.uexp" 105
"../../../Engine/Content/EditorResources/SequenceRecorder/RecordingIndicator.uasset" 106
"../../../Engine/Content/EditorResources/SequenceRecorder/RecordingIndicator.uexp" 107
"../../../Engine/Content/EngineDamageTypes/DmgTypeBP_Environmental.uasset" 108
"../../../Engine/Content/EngineDamageTypes/DmgTypeBP_Environmental.uexp" 109
"../../../Engine/Content/EngineDebugMaterials/DebugEditorMaterial.uasset" 110
"../../../Engine/Content/EngineDebugMaterials/DebugEditorMaterial.uexp" 111
"../../../Engine/Content/EngineDebugMaterials/DebugMeshMaterial.uasset" 112
"../../../Engine/Content/EngineDebugMaterials/DebugMeshMaterial.uexp" 113
"../../../Engine/Content/EngineDebugMaterials/M_SimpleUnlitTranslucent.uasset" 114
"../../../Engine/Content/EngineDebugMaterials/M_SimpleUnlitTranslucent.uexp" 115
"../../../Engine/Content/EngineDebugMaterials/VolumeToRender.uasset" 116
"../../../Engine/Content/EngineDebugMaterials/VolumeToRender.uexp" 117
"../../../Engine/Content/Functions/Engine_MaterialFunctions02/Utility/CameraDirectionVector.uasset" 118
"../../../Engine/Content/Functions/Engine_MaterialFunctions02/Utility/CameraDirectionVector.uexp" 119
"../../../Engine/Content/EngineDebugMaterials/M_VolumeRenderSphereTracePP.uasset" 120
"../../../Engine/Content/EngineDebugMaterials/M_VolumeRenderSphereTracePP.uexp" 121
"../../../Engine/Content/Functions/Engine_MaterialFunctions01/Shading/ConvertFromDiffSpec.uasset" 122
"../../../Engine/Content/Functions/Engine_MaterialFunctions01/Shading/ConvertFromDiffSpec.uexp" 123
"../../../Engine/Content/EngineDebugMaterials/VertexColorMaterial.uasset" 124
"../../../Engine/Content/EngineDebugMaterials/VertexColorMaterial.uexp" 125
"../../../Engine/Content/EngineDebugMaterials/WireframeMaterial.uasset" 126
"../../../Engine/Content/EngineDebugMaterials/WireframeMaterial.uexp" 127
"../../../Engine/Content/EngineFonts/Faces/RobotoRegular.uasset" 128
"../../../Engine/Content/EngineFonts/Faces/RobotoRegular.uexp" 129
"../../../Engine/Content/EngineFonts/Faces/RobotoRegular.ufont" 130
"../../../Engine/Content/EngineFonts/Faces/RobotoLight.uasset" 131
"../../../Engine/Content/EngineFonts/Faces/RobotoLight.uexp" 132
"../../../Engine/Content/EngineFonts/Faces/RobotoLight.ufont" 133
"../../../Engine/Content/EngineFonts/Faces/RobotoItalic.uasset" 134
"../../../Engine/Content/EngineFonts/Faces/RobotoItalic.uexp" 135
"../../../Engine/Content/EngineFonts/Faces/RobotoItalic.ufont" 136
"../../../Engine/Content/EngineFonts/Faces/RobotoBoldItalic.uasset" 137
"../../../Engine/Content/EngineFonts/Faces/RobotoBoldItalic.uexp" 138
"../../../Engine/Content/EngineFonts/Faces/RobotoBoldItalic.ufont" 139
"../../../Engine/Content/EngineFonts/Faces/RobotoBold.uasset" 140
"../../../Engine/Content/EngineFonts/Faces/RobotoBold.uexp" 141
"../../../Engine/Content/EngineFonts/Faces/RobotoBold.ufont" 142
"../../../Engine/Content/EngineFonts/Faces/DroidSansFallback.uasset" 143
"../../../Engine/Content/EngineFonts/Faces/DroidSansFallback.uexp" 144
"../../../Engine/Content/EngineFonts/Faces/DroidSansFallback.ufont" 145
"../../../Engine/Content/EngineFonts/Roboto.uasset" 146
"../../../Engine/Content/EngineFonts/Roboto.uexp" 147
"../../../Engine/Content/EngineMaterials/BaseFlattenNormalMap.uasset" 148
"../../../Engine/Content/EngineMaterials/BaseFlattenNormalMap.uexp" 149
"../../../Engine/Content/EngineMaterials/BaseFlattenGrayscaleMap.uasset" 150
"../../../Engine/Content/EngineMaterials/BaseFlattenGrayscaleMap.uexp" 151
"../../../Engine/Content/EngineMaterials/BaseFlattenEmissiveMap.uasset" 152
"../../../Engine/Content/EngineMaterials/BaseFlattenEmissiveMap.uexp" 153
"../../../Engine/Content/EngineMaterials/BaseFlattenDiffuseMap.uasset" 154
"../../../Engine/Content/EngineMaterials/BaseFlattenDiffuseMap.uexp" 155
"../../../Engine/Content/EngineMaterials/BaseFlattenMaterial.uasset" 156
"../../../Engine/Content/EngineMaterials/BaseFlattenMaterial.uexp" 157
"../../../Engine/Content/EngineMaterials/BlueNoise.uasset" 158
"../../../Engine/Content/EngineMaterials/BlueNoise.uexp" 159
"../../../Engine/Content/EngineMaterials/DefaultBloomKernel.uasset" 160
"../../../Engine/Content/EngineMaterials/DefaultBloomKernel.uexp" 161
"../../../Engine/Content/EngineMaterials/DefaultBokeh.uasset" 162
"../../../Engine/Content/EngineMaterials/DefaultBokeh.uexp" 163
"../../../Engine/Content/EngineMaterials/DefaultDiffuse.uasset" 164
"../../../Engine/Content/EngineMaterials/DefaultDiffuse.uexp" 165
"../../../Engine/Content/EngineMaterials/DefaultDiffuse.ubulk" 166
"../../../Engine/Content/EngineMaterials/DefaultDeferredDecalMaterial.uasset" 167
"../../../Engine/Content/EngineMaterials/DefaultDeferredDecalMaterial.uexp" 168
"../../../Engine/Content/EngineMaterials/DefaultLightFunctionMaterial.uasset" 169
"../../../Engine/Content/EngineMaterials/DefaultLightFunctionMaterial.uexp" 170
"../../../Engine/Content/EngineMaterials/DefaultPhysicalMaterial.uasset" 171
"../../../Engine/Content/EngineMaterials/DefaultPhysicalMaterial.uexp" 172
"../../../Engine/Content/Functions/Engine_MaterialFunctions02/Utility/BreakOutFloat2Components.uasset" 173
"../../../Engine/Content/Functions/Engine_MaterialFunctions02/Utility/BreakOutFloat2Components.uexp" 174
"../../../Engine/Content/EngineMaterials/DefaultPostProcessMaterial.uasset" 175
"../../../Engine/Content/EngineMaterials/DefaultPostProcessMaterial.uexp" 176
"../../../Engine/Content/EngineFonts/RobotoDistanceField.uasset" 177
"../../../Engine/Content/EngineFonts/RobotoDistanceField.uexp" 178
"../../../Engine/Content/EngineMaterials/DefaultTextMaterialOpaque.uasset" 179
"../../../Engine/Content/EngineMaterials/DefaultTextMaterialOpaque.uexp" 180
"../../../Engine/Content/EngineMaterials/DefaultWhiteGrid.uasset" 181
"../../../Engine/Content/EngineMaterials/DefaultWhiteGrid.uexp" 182
"../../../Engine/Content/EngineMaterials/DefaultWhiteGrid.ubulk" 183
"../../../Engine/Content/EngineMaterials/DefaultWhiteGrid_Low.uasset" 184
"../../../Engine/Content/EngineMaterials/DefaultWhiteGrid_Low.uexp" 185
"../../../Engine/Content/EngineMaterials/EmissiveMeshMaterial.uasset" 186
"../../../Engine/Content/EngineMaterials/EmissiveMeshMaterial.uexp" 187
"../../../Engine/Content/EngineMaterials/GizmoMaterial.uasset" 188
"../../../Engine/Content/EngineMaterials/GizmoMaterial.uexp" 189
"../../../Engine/Content/EngineMaterials/MiniFont.uasset" 190
"../../../Engine/Content/EngineMaterials/MiniFont.uexp" 191
"../../../Engine/Content/EngineMaterials/InvalidLightmapSettings.uasset" 192
"../../../Engine/Content/EngineMaterials/InvalidLightmapSettings.uexp" 193
"../../../Engine/Content/EngineMaterials/InvalidLightmapSettings.ubulk" 194
"../../../Engine/Content/EngineMaterials/M_InvalidLightmapSettings.uasset" 195
"../../../Engine/Content/EngineMaterials/M_InvalidLightmapSettings.uexp" 196
"../../../Engine/Content/Functions/Engine_MaterialFunctions02/WorldPositionOffset/CameraOffset.uasset" 197
"../../../Engine/Content/Functions/Engine_MaterialFunctions02/WorldPositionOffset/CameraOffset.uexp" 198
"../../../Engine/Content/EngineMaterials/PhAT_JointLimitMaterial.uasset" 199
"../../../Engine/Content/EngineMaterials/PhAT_JointLimitMaterial.uexp" 200
"../../../Engine/Content/EngineMaterials/PreintegratedSkinBRDF.uasset" 201
"../../../Engine/Content/EngineMaterials/PreintegratedSkinBRDF.uexp" 202
"../../../Engine/Content/EngineMaterials/RemoveSurfaceMaterial.uasset" 203
"../../../Engine/Content/EngineMaterials/RemoveSurfaceMaterial.uexp" 204
"../../../Engine/Content/EngineMaterials/WeightMapPlaceholderTexture.uasset" 205
"../../../Engine/Content/EngineMaterials/WeightMapPlaceholderTexture.uexp" 206
"../../../Engine/Content/EngineResources/WhiteSquareTexture.uasset" 207
"../../../Engine/Content/EngineResources/WhiteSquareTexture.uexp" 208
"../../../Engine/Content/EngineMaterials/Widget3DPassThrough.uasset" 209
"../../../Engine/Content/EngineMaterials/Widget3DPassThrough.uexp" 210
"../../../Engine/Content/EngineMaterials/Widget3DPassThrough_Masked.uasset" 211
"../../../Engine/Content/EngineMaterials/Widget3DPassThrough_Masked.uexp" 212
"../../../Engine/Content/EngineMaterials/Widget3DPassThrough_Opaque.uasset" 213
"../../../Engine/Content/EngineMaterials/Widget3DPassThrough_Opaque.uexp" 214
"../../../Engine/Content/EngineMaterials/Widget3DPassThrough_Masked_OneSided.uasset" 215
"../../../Engine/Content/EngineMaterials/Widget3DPassThrough_Masked_OneSided.uexp" 216
"../../../Engine/Content/EngineMaterials/Widget3DPassThrough_Opaque_OneSided.uasset" 217
"../../../Engine/Content/EngineMaterials/Widget3DPassThrough_Opaque_OneSided.uexp" 218
"../../../Engine/Content/EngineMaterials/Widget3DPassThrough_Translucent.uasset" 219
"../../../Engine/Content/EngineMaterials/Widget3DPassThrough_Translucent.uexp" 220
"../../../Engine/Content/EngineMaterials/Widget3DPassThrough_Translucent_OneSided.uasset" 221
"../../../Engine/Content/EngineMaterials/Widget3DPassThrough_Translucent_OneSided.uexp" 222
"../../../Engine/Content/EngineMeshes/Cylinder.uasset" 223
"../../../Engine/Content/EngineMeshes/Cylinder.uexp" 224
"../../../Engine/Content/EngineMeshes/Sphere.uasset" 225
"../../../Engine/Content/EngineMeshes/Sphere.uexp" 226
"../../../Engine/Content/EngineResources/DefaultTexture.uasset" 227
"../../../Engine/Content/EngineResources/DefaultTexture.uexp" 228
"../../../Engine/Content/EngineResources/DefaultTexture.ubulk" 229
"../../../Engine/Content/EngineResources/DefaultTextureCube.uasset" 230
"../../../Engine/Content/EngineResources/DefaultTextureCube.uexp" 231
"../../../Engine/Content/EngineResources/DefaultVolumeTexture2D.uasset" 232
"../../../Engine/Content/EngineResources/DefaultVolumeTexture2D.uexp" 233
"../../../Engine/Content/EngineResources/DefaultVolumeTexture.uasset" 234
"../../../Engine/Content/EngineResources/DefaultVolumeTexture.uexp" 235
"../../../Engine/Content/EngineResources/GradientTexture0.uasset" 236
"../../../Engine/Content/EngineResources/GradientTexture0.uexp" 237
"../../../Engine/Content/EngineSky/VolumetricClouds/T_NoiseShape64.uasset" 238
"../../../Engine/Content/EngineSky/VolumetricClouds/T_NoiseShape64.uexp" 239
"../../../Engine/Content/EngineSky/VolumetricClouds/T_NoiseShape64.ubulk" 240
"../../../Engine/Content/EngineSky/VolumetricClouds/T_VolumeNoiseShape64.uasset" 241
"../../../Engine/Content/EngineSky/VolumetricClouds/T_VolumeNoiseShape64.uexp" 242
"../../../Engine/Content/EngineSky/VolumetricClouds/T_NoiseErosion.uasset" 243
"../../../Engine/Content/EngineSky/VolumetricClouds/T_NoiseErosion.uexp" 244
"../../../Engine/Content/EngineSky/VolumetricClouds/T_NoiseErosion.ubulk" 245
"../../../Engine/Content/EngineSky/VolumetricClouds/T_VolumeNoiseErosion32.uasset" 246
"../../../Engine/Content/EngineSky/VolumetricClouds/T_VolumeNoiseErosion32.uexp" 247
"../../../Engine/Content/EngineSky/VolumetricClouds/CloudWeatherTexture.uasset" 248
"../../../Engine/Content/EngineSky/VolumetricClouds/CloudWeatherTexture.uexp" 249
"../../../Engine/Content/EngineSky/VolumetricClouds/CloudGradientTexture.uasset" 250
"../../../Engine/Content/EngineSky/VolumetricClouds/CloudGradientTexture.uexp" 251
"../../../Engine/Content/Functions/Engine_MaterialFunctions02/Utility/MakeFloat2.uasset" 252
"../../../Engine/Content/Functions/Engine_MaterialFunctions02/Utility/MakeFloat2.uexp" 253
"../../../Engine/Content/EngineSky/VolumetricClouds/m_SimpleVolumetricCloud.uasset" 254
"../../../Engine/Content/EngineSky/VolumetricClouds/m_SimpleVolumetricCloud.uexp" 255
"../../../Engine/Content/EngineSky/VolumetricClouds/m_SimpleVolumetricCloud_Inst.uasset" 256
"../../../Engine/Content/EngineSky/VolumetricClouds/m_SimpleVolumetricCloud_Inst.uexp" 257
"../../../Engine/Content/EngineSounds/Master.uasset" 258
"../../../Engine/Content/EngineSounds/Master.uexp" 259
"../../../Engine/Content/Functions/Engine_MaterialFunctions01/Shading/PowerToRoughness.uasset" 260
"../../../Engine/Content/Functions/Engine_MaterialFunctions01/Shading/PowerToRoughness.uexp" 261
"../../../Engine/Content/Maps/Templates/Thumbnails/Default.uasset" 262
"../../../Engine/Content/Maps/Templates/Thumbnails/Default.uexp" 263
"../../../Engine/Content/Maps/Templates/Thumbnails/TimeOfDay.uasset" 264
"../../../Engine/Content/Maps/Templates/Thumbnails/TimeOfDay.uexp" 265
"../../../Engine/Content/Maps/Templates/Thumbnails/VR-Basic.uasset" 266
"../../../Engine/Content/Maps/Templates/Thumbnails/VR-Basic.uexp" 267
"../../../Engine/Content/MobileResources/T_MobileControls_texture.uasset" 268
"../../../Engine/Content/MobileResources/T_MobileControls_texture.uexp" 269
"../../../Engine/Content/MobileResources/T_MobileMenu2.uasset" 270
"../../../Engine/Content/MobileResources/T_MobileMenu2.uexp" 271
"../../../Engine/Content/MobileResources/HUD/AnalogHat.uasset" 272
"../../../Engine/Content/MobileResources/HUD/AnalogHat.uexp" 273
"../../../Engine/Content/MobileResources/HUD/VirtualJoystick_Thumb.uasset" 274
"../../../Engine/Content/MobileResources/HUD/VirtualJoystick_Thumb.uexp" 275
"../../../Engine/Content/MobileResources/HUD/VirtualJoystick_Background.uasset" 276
"../../../Engine/Content/MobileResources/HUD/VirtualJoystick_Background.uexp" 277
"../../../Engine/Content/MobileResources/HUD/DefaultVirtualJoysticks.uasset" 278
"../../../Engine/Content/MobileResources/HUD/DefaultVirtualJoysticks.uexp" 279
"../../../Engine/Content/MobileResources/HUD/LeftVirtualJoystickOnly.uasset" 280
"../../../Engine/Content/MobileResources/HUD/LeftVirtualJoystickOnly.uexp" 281
"../../../Engine/Content/MobileResources/HUD/MobileHUDButton1_off.uasset" 282
"../../../Engine/Content/MobileResources/HUD/MobileHUDButton1_off.uexp" 283
"../../../Engine/Content/MobileResources/HUD/MobileHUDButton1_on.uasset" 284
"../../../Engine/Content/MobileResources/HUD/MobileHUDButton1_on.uexp" 285
"../../../Engine/Content/MobileResources/HUD/MobileHUDButton2_off.uasset" 286
"../../../Engine/Content/MobileResources/HUD/MobileHUDButton2_off.uexp" 287
"../../../Engine/Content/MobileResources/HUD/MobileHUDButton2_on.uasset" 288
"../../../Engine/Content/MobileResources/HUD/MobileHUDButton2_on.uexp" 289
"../../../Engine/Content/MobileResources/HUD/MobileHUDButton3.uasset" 290
"../../../Engine/Content/MobileResources/HUD/MobileHUDButton3.uexp" 291
"../../../Engine/Content/MobileResources/HUD/MobileHUDButtonFire.uasset" 292
"../../../Engine/Content/MobileResources/HUD/MobileHUDButtonFire.uexp" 293
"../../../Engine/Content/MobileResources/HUD/MobileHUDDirectionPad.uasset" 294
"../../../Engine/Content/MobileResources/HUD/MobileHUDDirectionPad.uexp" 295
"../../../Engine/Content/MobileResources/HUD/MobileHUDDirectionPad2.uasset" 296
"../../../Engine/Content/MobileResources/HUD/MobileHUDDirectionPad2.uexp" 297
"../../../Engine/Content/MobileResources/HUD/MobileHUDDirectionPad3.uasset" 298
"../../../Engine/Content/MobileResources/HUD/MobileHUDDirectionPad3.uexp" 299
"../../../Engine/Content/MobileResources/HUD/MobileHUDDirectionStick.uasset" 300
"../../../Engine/Content/MobileResources/HUD/MobileHUDDirectionStick.uexp" 301
"../../../Engine/Content/MobileResources/HUD/T_Castle_ThumbstickInner.uasset" 302
"../../../Engine/Content/MobileResources/HUD/T_Castle_ThumbstickInner.uexp" 303
"../../../Engine/Content/MobileResources/HUD/T_Castle_ThumbstickOutter.uasset" 304
"../../../Engine/Content/MobileResources/HUD/T_Castle_ThumbstickOutter.uexp" 305
"../../../Engine/Content/Tutorial/ContentIntroCurve.uasset" 306
"../../../Engine/Content/Tutorial/ContentIntroCurve.uexp" 307
"../../../Engine/Content/Tutorial/Basics/TutorialAssets/icon_tab_Levels_40x.uasset" 308
"../../../Engine/Content/Tutorial/Basics/TutorialAssets/icon_tab_Levels_40x.uexp" 309
"../../../Engine/Content/VREditor/TransformGizmo/TranslucentTransformGizmoMaterial.uasset" 310
"../../../Engine/Content/VREditor/TransformGizmo/TranslucentTransformGizmoMaterial.uexp" 311
"../../../Engine/Content/VREditor/LaserPointer/VR_LaserPower_01.uasset" 312
"../../../Engine/Content/VREditor/LaserPointer/VR_LaserPower_01.uexp" 313
"../../../Engine/Content/VREditor/LaserPointer/VR_LaserPower_01.ubulk" 314
"../../../Engine/Content/VREditor/TransformGizmo/TransformGizmoMaterial.uasset" 315
"../../../Engine/Content/VREditor/TransformGizmo/TransformGizmoMaterial.uexp" 316
"../../../Engine/Content/VREditor/TransformGizmo/BoundingBoxCorner.uasset" 317
"../../../Engine/Content/VREditor/TransformGizmo/BoundingBoxCorner.uexp" 318
"../../../Engine/Content/VREditor/TransformGizmo/BoundingBoxEdge.uasset" 319
"../../../Engine/Content/VREditor/TransformGizmo/BoundingBoxEdge.uexp" 320
"../../../Engine/Content/VREditor/TransformGizmo/PlaneTranslationHandle.uasset" 321
"../../../Engine/Content/VREditor/TransformGizmo/PlaneTranslationHandle.uexp" 322
"../../../Engine/Content/VREditor/TransformGizmo/Xray.uasset" 323
"../../../Engine/Content/VREditor/TransformGizmo/Xray.uexp" 324
"../../../Engine/Content/VREditor/TransformGizmo/Main.uasset" 325
"../../../Engine/Content/VREditor/TransformGizmo/Main.uexp" 326
"../../../Engine/Content/VREditor/TransformGizmo/SM_Sequencer_Key.uasset" 327
"../../../Engine/Content/VREditor/TransformGizmo/SM_Sequencer_Key.uexp" 328
"../../../Engine/Content/VREditor/TransformGizmo/SM_Sequencer_Node.uasset" 329
"../../../Engine/Content/VREditor/TransformGizmo/SM_Sequencer_Node.uexp" 330
"../../../Engine/Plugins/2D/Paper2D/Content/PlaceholderTextures/DummySpriteTexture.uasset" 331
"../../../Engine/Plugins/2D/Paper2D/Content/PlaceholderTextures/DummySpriteTexture.uexp" 332
"../../../Engine/Plugins/2D/Paper2D/Content/PlaceholderTextures/DummySpriteTexture.ubulk" 333
"../../../Engine/Plugins/2D/Paper2D/Content/DummySprite.uasset" 334
"../../../Engine/Plugins/2D/Paper2D/Content/DummySprite.uexp" 335
"../../../Engine/Plugins/2D/Paper2D/Content/DefaultPaperTerrainMaterial.uasset" 336
"../../../Engine/Plugins/2D/Paper2D/Content/DefaultPaperTerrainMaterial.uexp" 337
"../../../Engine/Plugins/2D/Paper2D/Content/DefaultSpriteMaterial.uasset" 338
"../../../Engine/Plugins/2D/Paper2D/Content/DefaultSpriteMaterial.uexp" 339
"../../../Engine/Plugins/2D/Paper2D/Content/MaskedUnlitSpriteMaterial.uasset" 340
"../../../Engine/Plugins/2D/Paper2D/Content/MaskedUnlitSpriteMaterial.uexp" 341
"../../../Engine/Plugins/2D/Paper2D/Content/OpaqueUnlitSpriteMaterial.uasset" 342
"../../../Engine/Plugins/2D/Paper2D/Content/OpaqueUnlitSpriteMaterial.uexp" 343
"../../../Engine/Content/ArtTools/RenderToTexture/Materials/Debug/M_Emissive_Color.uasset" 344
"../../../Engine/Content/ArtTools/RenderToTexture/Materials/Debug/M_Emissive_Color.uexp" 345
"../../../Engine/Content/BasicShapes/Cylinder.uasset" 346
"../../../Engine/Content/BasicShapes/Cylinder.uexp" 347
"../../../Engine/Plugins/Runtime/OpenXR/Content/Devices/GoogleDaydream/MRTexture.uasset" 348
"../../../Engine/Plugins/Runtime/OpenXR/Content/Devices/GoogleDaydream/MRTexture.uexp" 349
"../../../Engine/Plugins/Runtime/OpenXR/Content/Devices/GoogleDaydream/MRTexture.ubulk" 350
"../../../Engine/Plugins/Runtime/OpenXR/Content/Devices/GoogleDaydream/BaseTexture.uasset" 351
"../../../Engine/Plugins/Runtime/OpenXR/Content/Devices/GoogleDaydream/BaseTexture.uexp" 352
"../../../Engine/Plugins/Runtime/OpenXR/Content/Devices/GoogleDaydream/BaseTexture.ubulk" 353
"../../../Engine/Content/EngineResources/Black.uasset" 354
"../../../Engine/Content/EngineResources/Black.uexp" 355
"../../../Engine/Plugins/Runtime/OpenXR/Content/Devices/M_XRController.uasset" 356
"../../../Engine/Plugins/Runtime/OpenXR/Content/Devices/M_XRController.uexp" 357
"../../../Engine/Plugins/Runtime/OpenXR/Content/Devices/GoogleDaydream/MI_GoogleDaydream.uasset" 358
"../../../Engine/Plugins/Runtime/OpenXR/Content/Devices/GoogleDaydream/MI_GoogleDaydream.uexp" 359
"../../../Engine/Plugins/Runtime/OpenXR/Content/Devices/GoogleDaydream/GoogleDaydreamController.uasset" 360
"../../../Engine/Plugins/Runtime/OpenXR/Content/Devices/GoogleDaydream/GoogleDaydreamController.uexp" 361
"../../../Engine/Plugins/Runtime/OpenXR/Content/Devices/HTCVive/BaseTexture.uasset" 362
"../../../Engine/Plugins/Runtime/OpenXR/Content/Devices/HTCVive/BaseTexture.uexp" 363
"../../../Engine/Plugins/Runtime/OpenXR/Content/Devices/HTCVive/BaseTexture.ubulk" 364
"../../../Engine/Plugins/Runtime/OpenXR/Content/Devices/HTCVive/MI_HTCVive.uasset" 365
"../../../Engine/Plugins/Runtime/OpenXR/Content/Devices/HTCVive/MI_HTCVive.uexp" 366
"../../../Engine/Plugins/Runtime/OpenXR/Content/Devices/HTCVive/HTCViveController.uasset" 367
"../../../Engine/Plugins/Runtime/OpenXR/Content/Devices/HTCVive/HTCViveController.uexp" 368
"../../../Engine/Plugins/Runtime/OpenXR/Content/Devices/MicrosoftMixedReality/NormalTexture.uasset" 369
"../../../Engine/Plugins/Runtime/OpenXR/Content/Devices/MicrosoftMixedReality/NormalTexture.uexp" 370
"../../../Engine/Plugins/Runtime/OpenXR/Content/Devices/MicrosoftMixedReality/NormalTexture.ubulk" 371
"../../../Engine/Plugins/Runtime/OpenXR/Content/Devices/MicrosoftMixedReality/MRTexture.uasset" 372
"../../../Engine/Plugins/Runtime/OpenXR/Content/Devices/MicrosoftMixedReality/MRTexture.uexp" 373
"../../../Engine/Plugins/Runtime/OpenXR/Content/Devices/MicrosoftMixedReality/MRTexture.ubulk" 374
"../../../Engine/Plugins/Runtime/OpenXR/Content/Devices/MicrosoftMixedReality/EmissiveTexture.uasset" 375
"../../../Engine/Plugins/Runtime/OpenXR/Content/Devices/MicrosoftMixedReality/EmissiveTexture.uexp" 376
"../../../Engine/Plugins/Runtime/OpenXR/Content/Devices/MicrosoftMixedReality/EmissiveTexture.ubulk" 377
"../../../Engine/Plugins/Runtime/OpenXR/Content/Devices/MicrosoftMixedReality/BaseTexture.uasset" 378
"../../../Engine/Plugins/Runtime/OpenXR/Content/Devices/MicrosoftMixedReality/BaseTexture.uexp" 379
"../../../Engine/Plugins/Runtime/OpenXR/Content/Devices/MicrosoftMixedReality/BaseTexture.ubulk" 380
"../../../Engine/Plugins/Runtime/OpenXR/Content/Devices/MicrosoftMixedReality/MI_MicrosoftMixedReality.uasset" 381
"../../../Engine/Plugins/Runtime/OpenXR/Content/Devices/MicrosoftMixedReality/MI_MicrosoftMixedReality.uexp" 382
"../../../Engine/Plugins/Runtime/OpenXR/Content/Devices/MicrosoftMixedReality/Left/left_MicrosoftMixedRealityController.uasset" 383
"../../../Engine/Plugins/Runtime/OpenXR/Content/Devices/MicrosoftMixedReality/Left/left_MicrosoftMixedRealityController.uexp" 384
"../../../Engine/Plugins/Runtime/OpenXR/Content/Devices/MicrosoftMixedReality/Right/right_MicrosoftMixedRealityController.uasset" 385
"../../../Engine/Plugins/Runtime/OpenXR/Content/Devices/MicrosoftMixedReality/Right/right_MicrosoftMixedRealityController.uexp" 386
"../../../Engine/Plugins/Runtime/OpenXR/Content/Devices/OculusGo/BaseTexture.uasset" 387
"../../../Engine/Plugins/Runtime/OpenXR/Content/Devices/OculusGo/BaseTexture.uexp" 388
"../../../Engine/Plugins/Runtime/OpenXR/Content/Devices/OculusGo/BaseTexture.ubulk" 389
"../../../Engine/Plugins/Runtime/OpenXR/Content/Devices/OculusGo/MI_OculusGo.uasset" 390
"../../../Engine/Plugins/Runtime/OpenXR/Content/Devices/OculusGo/MI_OculusGo.uexp" 391
"../../../Engine/Plugins/Runtime/OpenXR/Content/Devices/OculusGo/OculusGoController.uasset" 392
"../../../Engine/Plugins/Runtime/OpenXR/Content/Devices/OculusGo/OculusGoController.uexp" 393
"../../../Engine/Plugins/Runtime/OpenXR/Content/Devices/OculusTouch/MRTexture.uasset" 394
"../../../Engine/Plugins/Runtime/OpenXR/Content/Devices/OculusTouch/MRTexture.uexp" 395
"../../../Engine/Plugins/Runtime/OpenXR/Content/Devices/OculusTouch/MRTexture.ubulk" 396
"../../../Engine/Plugins/Runtime/OpenXR/Content/Devices/OculusTouch/BaseTexture.uasset" 397
"../../../Engine/Plugins/Runtime/OpenXR/Content/Devices/OculusTouch/BaseTexture.uexp" 398
"../../../Engine/Plugins/Runtime/OpenXR/Content/Devices/OculusTouch/BaseTexture.ubulk" 399
"../../../Engine/Plugins/Runtime/OpenXR/Content/Devices/OculusTouch/MI_OculusTouch.uasset" 400
"../../../Engine/Plugins/Runtime/OpenXR/Content/Devices/OculusTouch/MI_OculusTouch.uexp" 401
"../../../Engine/Plugins/Runtime/OpenXR/Content/Devices/OculusTouch/Left/left_OculusTouchController.uasset" 402
"../../../Engine/Plugins/Runtime/OpenXR/Content/Devices/OculusTouch/Left/left_OculusTouchController.uexp" 403
"../../../Engine/Plugins/Runtime/OpenXR/Content/Devices/OculusTouch/Right/right_OculusTouchController.uasset" 404
"../../../Engine/Plugins/Runtime/OpenXR/Content/Devices/OculusTouch/Right/right_OculusTouchController.uexp" 405
"../../../Engine/Plugins/Runtime/OpenXR/Content/Devices/OculusTouch_v3/MRTexture.uasset" 406
"../../../Engine/Plugins/Runtime/OpenXR/Content/Devices/OculusTouch_v3/MRTexture.uexp" 407
"../../../Engine/Plugins/Runtime/OpenXR/Content/Devices/OculusTouch_v3/MRTexture.ubulk" 408
"../../../Engine/Plugins/Runtime/OpenXR/Content/Devices/OculusTouch_v3/BaseTexture.uasset" 409
"../../../Engine/Plugins/Runtime/OpenXR/Content/Devices/OculusTouch_v3/BaseTexture.uexp" 410
"../../../Engine/Plugins/Runtime/OpenXR/Content/Devices/OculusTouch_v3/BaseTexture.ubulk" 411
"../../../Engine/Plugins/Runtime/OpenXR/Content/Devices/OculusTouch_v3/MI_OculusTouch_v3.uasset" 412
"../../../Engine/Plugins/Runtime/OpenXR/Content/Devices/OculusTouch_v3/MI_OculusTouch_v3.uexp" 413
"../../../Engine/Plugins/Runtime/OpenXR/Content/Devices/OculusTouch_v3/Left/left_OculusTouch_v3Controller.uasset" 414
"../../../Engine/Plugins/Runtime/OpenXR/Content/Devices/OculusTouch_v3/Left/left_OculusTouch_v3Controller.uexp" 415
"../../../Engine/Plugins/Runtime/OpenXR/Content/Devices/OculusTouch_v3/Right/right_OculusTouch_v3Controller.uasset" 416
"../../../Engine/Plugins/Runtime/OpenXR/Content/Devices/OculusTouch_v3/Right/right_OculusTouch_v3Controller.uexp" 417
"../../../Engine/Plugins/Runtime/OpenXR/Content/Devices/ValveIndex/MRTexture.uasset" 418
"../../../Engine/Plugins/Runtime/OpenXR/Content/Devices/ValveIndex/MRTexture.uexp" 419
"../../../Engine/Plugins/Runtime/OpenXR/Content/Devices/ValveIndex/MRTexture.ubulk" 420
"../../../Engine/Plugins/Runtime/OpenXR/Content/Devices/ValveIndex/BaseTexture.uasset" 421
"../../../Engine/Plugins/Runtime/OpenXR/Content/Devices/ValveIndex/BaseTexture.uexp" 422
"../../../Engine/Plugins/Runtime/OpenXR/Content/Devices/ValveIndex/BaseTexture.ubulk" 423
"../../../Engine/Plugins/Runtime/OpenXR/Content/Devices/ValveIndex/Left/MI_left_ValveIndex.uasset" 424
"../../../Engine/Plugins/Runtime/OpenXR/Content/Devices/ValveIndex/Left/MI_left_ValveIndex.uexp" 425
"../../../Engine/Plugins/Runtime/OpenXR/Content/Devices/ValveIndex/Left/left_ValveIndexController.uasset" 426
"../../../Engine/Plugins/Runtime/OpenXR/Content/Devices/ValveIndex/Left/left_ValveIndexController.uexp" 427
"../../../Engine/Plugins/Runtime/OpenXR/Content/Devices/ValveIndex/Right/MI_right_ValveIndex.uasset" 428
"../../../Engine/Plugins/Runtime/OpenXR/Content/Devices/ValveIndex/Right/MI_right_ValveIndex.uexp" 429
"../../../Engine/Plugins/Runtime/OpenXR/Content/Devices/ValveIndex/Right/right_ValveIndexController.uasset" 430
"../../../Engine/Plugins/Runtime/OpenXR/Content/Devices/ValveIndex/Right/right_ValveIndexController.uexp" 431
"../../../Engine/Content/Functions/Engine_MaterialFunctions02/Utility/BreakOutFloat3Components.uasset" 432
"../../../Engine/Content/Functions/Engine_MaterialFunctions02/Utility/BreakOutFloat3Components.uexp" 433
"../../../Engine/Plugins/Editor/SpeedTreeImporter/Content/SpeedTree9/UnpackInteger3.uasset" 434
"../../../Engine/Plugins/Editor/SpeedTreeImporter/Content/SpeedTree9/UnpackInteger3.uexp" 435
"../../../Engine/Plugins/Editor/SpeedTreeImporter/Content/SpeedTree9/UnpackDirection.uasset" 436
"../../../Engine/Plugins/Editor/SpeedTreeImporter/Content/SpeedTree9/UnpackDirection.uexp" 437
"../../../Engine/Plugins/Editor/SpeedTreeImporter/Content/SpeedTree9/game_wind_noise.uasset" 438
"../../../Engine/Plugins/Editor/SpeedTreeImporter/Content/SpeedTree9/game_wind_noise.uexp" 439
"../../../Engine/Plugins/Editor/SpeedTreeImporter/Content/SpeedTree9/game_wind_noise.ubulk" 440
"../../../Engine/Content/Functions/Engine_MaterialFunctions02/SafeNormalize.uasset" 441
"../../../Engine/Content/Functions/Engine_MaterialFunctions02/SafeNormalize.uexp" 442
"../../../Engine/Plugins/Editor/SpeedTreeImporter/Content/SpeedTree9/SpeedTreeWindMotion.uasset" 443
"../../../Engine/Plugins/Editor/SpeedTreeImporter/Content/SpeedTree9/SpeedTreeWindMotion.uexp" 444
"../../../Engine/Plugins/Editor/SpeedTreeImporter/Content/SpeedTree9/SpeedTreeBranchMotion.uasset" 445
"../../../Engine/Plugins/Editor/SpeedTreeImporter/Content/SpeedTree9/SpeedTreeBranchMotion.uexp" 446
"../../../Engine/Content/Functions/Engine_MaterialFunctions02/ObjectLocalBounds.uasset" 447
"../../../Engine/Content/Functions/Engine_MaterialFunctions02/ObjectLocalBounds.uexp" 448
"../../../Engine/Content/Functions/Engine_MaterialFunctions02/UVs/BoundingBoxBased_0-1_UVW.uasset" 449
"../../../Engine/Content/Functions/Engine_MaterialFunctions02/UVs/BoundingBoxBased_0-1_UVW.uexp" 450
"../../../Engine/Content/Functions/Engine_MaterialFunctions02/Utility/VectorLength.uasset" 451
"../../../Engine/Content/Functions/Engine_MaterialFunctions02/Utility/VectorLength.uexp" 452
"../../../Engine/Content/Functions/Engine_MaterialFunctions02/WorldPositionOffset/ObjectScale.uasset" 453
"../../../Engine/Content/Functions/Engine_MaterialFunctions02/WorldPositionOffset/ObjectScale.uexp" 454
"../../../Engine/Plugins/Editor/SpeedTreeImporter/Content/SpeedTree9/SpeedTreeWind.uasset" 455
"../../../Engine/Plugins/Editor/SpeedTreeImporter/Content/SpeedTree9/SpeedTreeWind.uexp" 456
"../../../Engine/Plugins/Editor/SpeedTreeImporter/Content/SpeedTree9/SpeedTreeBillboard.uasset" 457
"../../../Engine/Plugins/Editor/SpeedTreeImporter/Content/SpeedTree9/SpeedTreeBillboard.uexp" 458
"../../../Engine/Plugins/Editor/SpeedTreeImporter/Content/SpeedTree9/EmptyNormal.uasset" 459
"../../../Engine/Plugins/Editor/SpeedTreeImporter/Content/SpeedTree9/EmptyNormal.uexp" 460
"../../../Engine/Plugins/Editor/SpeedTreeImporter/Content/SpeedTree9/Empty.uasset" 461
"../../../Engine/Plugins/Editor/SpeedTreeImporter/Content/SpeedTree9/Empty.uexp" 462
"../../../Engine/Plugins/Editor/SpeedTreeImporter/Content/SpeedTree9/SpeedTreeBillboardMaster.uasset" 463
"../../../Engine/Plugins/Editor/SpeedTreeImporter/Content/SpeedTree9/SpeedTreeBillboardMaster.uexp" 464
"../../../Engine/Plugins/Editor/SpeedTreeImporter/Content/SpeedTree9/SpeedTreeCameraFacing.uasset" 465
"../../../Engine/Plugins/Editor/SpeedTreeImporter/Content/SpeedTree9/SpeedTreeCameraFacing.uexp" 466
"../../../Engine/Plugins/Editor/SpeedTreeImporter/Content/SpeedTree9/SpeedTreeMaster.uasset" 467
"../../../Engine/Plugins/Editor/SpeedTreeImporter/Content/SpeedTree9/SpeedTreeMaster.uexp" 468
"../../../Engine/Content/EngineSky/T_Sky_Stars.uasset" 469
"../../../Engine/Content/EngineSky/T_Sky_Stars.uexp" 470
"../../../Engine/Content/EngineSky/T_Sky_Stars.ubulk" 471
"../../../Engine/Content/EngineSky/T_Sky_Clouds_M.uasset" 472
"../../../Engine/Content/EngineSky/T_Sky_Clouds_M.uexp" 473
"../../../Engine/Content/EngineSky/T_Sky_Clouds_M.ubulk" 474
"../../../Engine/Content/EngineSky/T_Sky_Blue.uasset" 475
"../../../Engine/Content/EngineSky/T_Sky_Blue.uexp" 476
"../../../Engine/Content/EngineSky/T_Sky_Blue.ubulk" 477
"../../../Engine/Content/EngineSky/M_Sky_Panning_Clouds2.uasset" 478
"../../../Engine/Content/EngineSky/M_Sky_Panning_Clouds2.uexp" 479
"../../../Engine/Content/BasicShapes/BasicShapeMaterial.uasset" 480
"../../../Engine/Content/BasicShapes/BasicShapeMaterial.uexp" 481
"C:/Users/Quentin Steinke/Desktop/Temp/MyProject/Content/VRTemplate/Maps/VRTemplateMap_BuiltData.uasset" 482
"C:/Users/Quentin Steinke/Desktop/Temp/MyProject/Content/VRTemplate/Maps/VRTemplateMap_BuiltData.uexp" 483
"C:/Users/Quentin Steinke/Desktop/Temp/MyProject/Content/VRTemplate/Maps/VRTemplateMap_BuiltData.ubulk" 484
"../../../Engine/Content/EngineSky/SM_SkySphere.uasset" 485
"../../../Engine/Content/EngineSky/SM_SkySphere.uexp" 486
"../../../Engine/Content/EngineSky/C_Sky_Zenith_Color.uasset" 487
"../../../Engine/Content/EngineSky/C_Sky_Zenith_Color.uexp" 488
"../../../Engine/Content/EngineSky/C_Sky_Horizon_Color.uasset" 489
"../../../Engine/Content/EngineSky/C_Sky_Horizon_Color.uexp" 490
"../../../Engine/Content/EngineSky/C_Sky_Cloud_Color.uasset" 491
"../../../Engine/Content/EngineSky/C_Sky_Cloud_Color.uexp" 492
"../../../Engine/Content/EditorBlueprintResources/StandardMacros.uasset" 493
"../../../Engine/Content/EditorBlueprintResources/StandardMacros.uexp" 494
"../../../Engine/Content/EngineSky/BP_Sky_Sphere.uasset" 495
"../../../Engine/Content/EngineSky/BP_Sky_Sphere.uexp" 496
"../../../Engine/Plugins/Runtime/OpenXR/Content/Devices/OculusTouch_v2/MRTexture.uasset" 497
"../../../Engine/Plugins/Runtime/OpenXR/Content/Devices/OculusTouch_v2/MRTexture.uexp" 498
"../../../Engine/Plugins/Runtime/OpenXR/Content/Devices/OculusTouch_v2/MRTexture.ubulk" 499
"../../../Engine/Plugins/Runtime/OpenXR/Content/Devices/OculusTouch_v2/BaseTexture.uasset" 500
"../../../Engine/Plugins/Runtime/OpenXR/Content/Devices/OculusTouch_v2/BaseTexture.uexp" 501
"../../../Engine/Plugins/Runtime/OpenXR/Content/Devices/OculusTouch_v2/BaseTexture.ubulk" 502
"../../../Engine/Plugins/Runtime/OpenXR/Content/Devices/OculusTouch_v2/MI_OculusTouch_v2.uasset" 503
"../../../Engine/Plugins/Runtime/OpenXR/Content/Devices/OculusTouch_v2/MI_OculusTouch_v2.uexp" 504
"../../../Engine/Plugins/Runtime/OpenXR/Content/Devices/OculusTouch_v2/Right/right_OculusTouch_v2Controller.uasset" 505
"../../../Engine/Plugins/Runtime/OpenXR/Content/Devices/OculusTouch_v2/Right/right_OculusTouch_v2Controller.uexp" 506
"../../../Engine/Plugins/Runtime/OpenXR/Content/Devices/OculusTouch_v2/Left/left_OculusTouch_v2Controller.uasset" 507
"../../../Engine/Plugins/Runtime/OpenXR/Content/Devices/OculusTouch_v2/Left/left_OculusTouch_v2Controller.uexp" 508
"../../../Engine/Plugins/FX/Niagara/Content/Modules/Update/Color/Color.uasset" 509
"../../../Engine/Plugins/FX/Niagara/Content/Modules/Update/Color/Color.uexp" 510
"../../../Engine/Plugins/FX/Niagara/Content/Enums/ENiagaraRandomnessMode.uasset" 511
"../../../Engine/Plugins/FX/Niagara/Content/Enums/ENiagaraRandomnessMode.uexp" 512
"../../../Engine/Plugins/FX/Niagara/Content/Functions/GetRandomInfo.uasset" 513
"../../../Engine/Plugins/FX/Niagara/Content/Functions/GetRandomInfo.uexp" 514
"../../../Engine/Plugins/FX/Niagara/Content/Functions/RandomRangeFloat.uasset" 515
"../../../Engine/Plugins/FX/Niagara/Content/Functions/RandomRangeFloat.uexp" 516
"../../../Engine/Plugins/FX/Niagara/Content/Functions/Localspace/SimulationPosition.uasset" 517
"../../../Engine/Plugins/FX/Niagara/Content/Functions/Localspace/SimulationPosition.uexp" 518
"../../../Engine/Plugins/FX/Niagara/Content/Modules/Spawn/Initialization/InitializeParticle.uasset" 519
"../../../Engine/Plugins/FX/Niagara/Content/Modules/Spawn/Initialization/InitializeParticle.uexp" 520
"../../../Engine/Plugins/FX/Niagara/Content/Functions/DirectionAndLengthSafe.uasset" 521
"../../../Engine/Plugins/FX/Niagara/Content/Functions/DirectionAndLengthSafe.uexp" 522
"../../../Engine/Plugins/FX/Niagara/Content/Modules/Solvers/SolveForcesAndVelocity.uasset" 523
"../../../Engine/Plugins/FX/Niagara/Content/Modules/Solvers/SolveForcesAndVelocity.uexp" 524
"../../../Engine/Plugins/FX/Niagara/Content/DynamicInputs/ValueFromCurve/FloatFromCurve.uasset" 525
"../../../Engine/Plugins/FX/Niagara/Content/DynamicInputs/ValueFromCurve/FloatFromCurve.uexp" 526
"../../../Engine/Plugins/FX/Niagara/Content/DynamicInputs/ValueFromCurve/ColorFromCurve.uasset" 527
"../../../Engine/Plugins/FX/Niagara/Content/DynamicInputs/ValueFromCurve/ColorFromCurve.uexp" 528
"../../../Engine/Plugins/FX/Niagara/Content/Enums/ENiagaraSystemInactiveMode.uasset" 529
"../../../Engine/Plugins/FX/Niagara/Content/Enums/ENiagaraSystemInactiveMode.uexp" 530
"../../../Engine/Plugins/FX/Niagara/Content/Enums/ENiagaraInactiveMode.uasset" 531
"../../../Engine/Plugins/FX/Niagara/Content/Enums/ENiagaraInactiveMode.uexp" 532
"../../../Engine/Plugins/FX/Niagara/Content/Enums/ENiagaraEmitterScalabilityMode_Limited.uasset" 533
"../../../Engine/Plugins/FX/Niagara/Content/Enums/ENiagaraEmitterScalabilityMode_Limited.uexp" 534
"../../../Engine/Plugins/FX/Niagara/Content/Enums/ENiagara_InfiniteLoopDuration.uasset" 535
"../../../Engine/Plugins/FX/Niagara/Content/Enums/ENiagara_InfiniteLoopDuration.uexp" 536
"../../../Engine/Plugins/FX/Niagara/Content/Enums/ENiagara_EmitterStateOptions.uasset" 537
"../../../Engine/Plugins/FX/Niagara/Content/Enums/ENiagara_EmitterStateOptions.uexp" 538
"../../../Engine/Plugins/FX/Niagara/Content/Modules/Update/Lifetime/ParticleState.uasset" 539
"../../../Engine/Plugins/FX/Niagara/Content/Modules/Update/Lifetime/ParticleState.uexp" 540
"../../../Engine/Plugins/FX/Niagara/Content/Functions/System/SystemChangeState.uasset" 541
"../../../Engine/Plugins/FX/Niagara/Content/Functions/System/SystemChangeState.uexp" 542
"../../../Engine/Plugins/FX/Niagara/Content/Modules/System/SystemState.uasset" 543
"../../../Engine/Plugins/FX/Niagara/Content/Modules/System/SystemState.uexp" 544
"../../../Engine/Plugins/FX/Niagara/Content/Enums/ENiagaraRandomnessEvaluation.uasset" 545
"../../../Engine/Plugins/FX/Niagara/Content/Enums/ENiagaraRandomnessEvaluation.uexp" 546
"../../../Engine/Plugins/FX/Niagara/Content/Functions/V2/CalculateRandomRangeFloat.uasset" 547
"../../../Engine/Plugins/FX/Niagara/Content/Functions/V2/CalculateRandomRangeFloat.uexp" 548
"../../../Engine/Plugins/FX/Niagara/Content/Modules/Emitter/SpawnBurst_Instantaneous.uasset" 549
"../../../Engine/Plugins/FX/Niagara/Content/Modules/Emitter/SpawnBurst_Instantaneous.uexp" 550
"../../../Engine/Plugins/FX/Niagara/Content/Functions/Emitter/EmitterChangeState.uasset" 551
"../../../Engine/Plugins/FX/Niagara/Content/Functions/Emitter/EmitterChangeState.uexp" 552
"../../../Engine/Plugins/FX/Niagara/Content/Enums/ENiagaraExecutionStateManagement.uasset" 553
"../../../Engine/Plugins/FX/Niagara/Content/Enums/ENiagaraExecutionStateManagement.uexp" 554
"../../../Engine/Plugins/FX/Niagara/Content/Enums/ENiagaraEmitterLifeCycleMode.uasset" 555
"../../../Engine/Plugins/FX/Niagara/Content/Enums/ENiagaraEmitterLifeCycleMode.uexp" 556
"../../../Engine/Plugins/FX/Niagara/Content/Modules/Emitter/EmitterState.uasset" 557
"../../../Engine/Plugins/FX/Niagara/Content/Modules/Emitter/EmitterState.uexp" 558
"../../../Engine/Plugins/FX/Niagara/Content/Functions/Spline/FindPositionOnBezierSpline.uasset" 559
"../../../Engine/Plugins/FX/Niagara/Content/Functions/Spline/FindPositionOnBezierSpline.uexp" 560
"../../../Engine/Plugins/FX/Niagara/Content/Functions/NormalizedExecutionIndex.uasset" 561
"../../../Engine/Plugins/FX/Niagara/Content/Functions/NormalizedExecutionIndex.uexp" 562
"../../../Engine/Plugins/FX/Niagara/Content/Modules/Beams/SpawnBeam.uasset" 563
"../../../Engine/Plugins/FX/Niagara/Content/Modules/Beams/SpawnBeam.uexp" 564
"../../../Engine/Plugins/FX/Niagara/Content/Modules/Beams/BeamWidth.uasset" 565
"../../../Engine/Plugins/FX/Niagara/Content/Modules/Beams/BeamWidth.uexp" 566
"../../../Engine/Plugins/FX/Niagara/Content/Functions/Localspace/TransformBase.uasset" 567
"../../../Engine/Plugins/FX/Niagara/Content/Functions/Localspace/TransformBase.uexp" 568
"../../../Engine/Plugins/FX/Niagara/Content/Functions/Localspace/TransformVector.uasset" 569
"../../../Engine/Plugins/FX/Niagara/Content/Functions/Localspace/TransformVector.uexp" 570
"../../../Engine/Plugins/FX/Niagara/Content/Functions/Localspace/TransformPosition.uasset" 571
"../../../Engine/Plugins/FX/Niagara/Content/Functions/Localspace/TransformPosition.uexp" 572
"../../../Engine/Plugins/FX/Niagara/Content/DynamicInputs/Multiply/Multiply_VectorByFloat.uasset" 573
"../../../Engine/Plugins/FX/Niagara/Content/DynamicInputs/Multiply/Multiply_VectorByFloat.uexp" 574
"../../../Engine/Plugins/FX/Niagara/Content/DynamicInputs/Helpers/SimulationPosition.uasset" 575
"../../../Engine/Plugins/FX/Niagara/Content/DynamicInputs/Helpers/SimulationPosition.uexp" 576
"../../../Engine/Plugins/FX/Niagara/Content/Modules/Beams/BeamEmitterSetup.uasset" 577
"../../../Engine/Plugins/FX/Niagara/Content/Modules/Beams/BeamEmitterSetup.uexp" 578
"C:/Users/Quentin Steinke/Desktop/Temp/MyProject/Content/VRTemplate/VFX/NPC_VRTemplate.uasset" 579
"C:/Users/Quentin Steinke/Desktop/Temp/MyProject/Content/VRTemplate/VFX/NPC_VRTemplate.uexp" 580
"C:/Users/Quentin Steinke/Desktop/Temp/MyProject/Content/VRTemplate/Materials/DefaultRibbonMaterial_NoGradient.uasset" 581
"C:/Users/Quentin Steinke/Desktop/Temp/MyProject/Content/VRTemplate/Materials/DefaultRibbonMaterial_NoGradient.uexp" 582
"C:/Users/Quentin Steinke/Desktop/Temp/MyProject/Content/VRTemplate/VFX/NS_TeleportTrace.uasset" 583
"C:/Users/Quentin Steinke/Desktop/Temp/MyProject/Content/VRTemplate/VFX/NS_TeleportTrace.uexp" 584
"../../../Engine/Plugins/FX/Niagara/Content/Enums/ENiagaraTorusMode.uasset" 585
"../../../Engine/Plugins/FX/Niagara/Content/Enums/ENiagaraTorusMode.uexp" 586
"../../../Engine/Plugins/FX/Niagara/Content/Functions/Rotation/MultiplyVectorWithQuaternion.uasset" 587
"../../../Engine/Plugins/FX/Niagara/Content/Functions/Rotation/MultiplyVectorWithQuaternion.uexp" 588
"../../../Engine/Plugins/FX/Niagara/Content/Functions/Rotation/FindQuatBetween.uasset" 589
"../../../Engine/Plugins/FX/Niagara/Content/Functions/Rotation/FindQuatBetween.uexp" 590
"../../../Engine/Plugins/FX/Niagara/Content/Functions/Rotation/AxisAngleToQuaternion.uasset" 591
"../../../Engine/Plugins/FX/Niagara/Content/Functions/Rotation/AxisAngleToQuaternion.uexp" 592
"../../../Engine/Plugins/FX/Niagara/Content/Functions/RandomRange.uasset" 593
"../../../Engine/Plugins/FX/Niagara/Content/Functions/RandomRange.uexp" 594
"../../../Engine/Plugins/FX/Niagara/Content/Functions/PolarToCartesianCoordinates.uasset" 595
"../../../Engine/Plugins/FX/Niagara/Content/Functions/PolarToCartesianCoordinates.uexp" 596
"../../../Engine/Plugins/FX/Niagara/Content/Functions/ParametricTorusKnot.uasset" 597
"../../../Engine/Plugins/FX/Niagara/Content/Functions/ParametricTorusKnot.uexp" 598
"../../../Engine/Plugins/FX/Niagara/Content/Functions/ParametricTorus.uasset" 599
"../../../Engine/Plugins/FX/Niagara/Content/Functions/ParametricTorus.uexp" 600
"../../../Engine/Plugins/FX/Niagara/Content/Functions/Rotation/MultiplyQuaternion.uasset" 601
"../../../Engine/Plugins/FX/Niagara/Content/Functions/Rotation/MultiplyQuaternion.uexp" 602
"../../../Engine/Plugins/FX/Niagara/Content/Enums/ENiagaraTorusDistributionMode.uasset" 603
"../../../Engine/Plugins/FX/Niagara/Content/Enums/ENiagaraTorusDistributionMode.uexp" 604
"../../../Engine/Plugins/FX/Niagara/Content/Modules/Spawn/Location/TorusLocation.uasset" 605
"../../../Engine/Plugins/FX/Niagara/Content/Modules/Spawn/Location/TorusLocation.uexp" 606
"../../../Engine/Plugins/FX/Niagara/Content/Functions/LinearColor/HueShiftLinearColor.uasset" 607
"../../../Engine/Plugins/FX/Niagara/Content/Functions/LinearColor/HueShiftLinearColor.uexp" 608
"../../../Engine/Plugins/FX/Niagara/Content/Functions/V2/CalculateRandomRange.uasset" 609
"../../../Engine/Plugins/FX/Niagara/Content/Functions/V2/CalculateRandomRange.uexp" 610
"../../../Engine/Plugins/FX/Niagara/Content/Enums/Ribbons/ENiagara_UnsetDirectSet.uasset" 611
"../../../Engine/Plugins/FX/Niagara/Content/Enums/Ribbons/ENiagara_UnsetDirectSet.uexp" 612
"../../../Engine/Plugins/FX/Niagara/Content/Enums/ENiagaraChannelCorrelation.uasset" 613
"../../../Engine/Plugins/FX/Niagara/Content/Enums/ENiagaraChannelCorrelation.uexp" 614
"../../../Engine/Plugins/FX/Niagara/Content/Enums/ENiagara_PositionInitializationMode.uasset" 615
"../../../Engine/Plugins/FX/Niagara/Content/Enums/ENiagara_PositionInitializationMode.uexp" 616
"../../../Engine/Plugins/FX/Niagara/Content/Enums/ENiagara_MassInitializationMode.uasset" 617
"../../../Engine/Plugins/FX/Niagara/Content/Enums/ENiagara_MassInitializationMode.uexp" 618
"../../../Engine/Plugins/FX/Niagara/Content/Enums/ENiagara_LifetimeMode.uasset" 619
"../../../Engine/Plugins/FX/Niagara/Content/Enums/ENiagara_LifetimeMode.uexp" 620
"../../../Engine/Plugins/FX/Niagara/Content/Enums/ENiagara_ColorInitializationMode.uasset" 621
"../../../Engine/Plugins/FX/Niagara/Content/Enums/ENiagara_ColorInitializationMode.uexp" 622
"../../../Engine/Plugins/FX/Niagara/Content/Modules/Spawn/Initialization/InitializeRibbon.uasset" 623
"../../../Engine/Plugins/FX/Niagara/Content/Modules/Spawn/Initialization/InitializeRibbon.uexp" 624
"../../../Engine/Plugins/FX/Niagara/Content/DynamicInputs/Execution/ReturnNormalizedExecIndex.uasset" 625
"../../../Engine/Plugins/FX/Niagara/Content/DynamicInputs/Execution/ReturnNormalizedExecIndex.uexp" 626
"../../../Engine/Plugins/FX/Niagara/Content/Enums/Ribbons/ENiagara_UnsetDirectSetRandom.uasset" 627
"../../../Engine/Plugins/FX/Niagara/Content/Enums/Ribbons/ENiagara_UnsetDirectSetRandom.uexp" 628
"../../../Engine/Plugins/FX/Niagara/Content/Enums/ENiagara_UVFlippingMode.uasset" 629
"../../../Engine/Plugins/FX/Niagara/Content/Enums/ENiagara_UVFlippingMode.uexp" 630
"../../../Engine/Plugins/FX/Niagara/Content/Enums/ENiagara_SpriteRotationMode.uasset" 631
"../../../Engine/Plugins/FX/Niagara/Content/Enums/ENiagara_SpriteRotationMode.uexp" 632
"../../../Engine/Plugins/FX/Niagara/Content/Enums/ENiagara_SizeScaleMode.uasset" 633
"../../../Engine/Plugins/FX/Niagara/Content/Enums/ENiagara_SizeScaleMode.uexp" 634
"../../../Engine/Plugins/FX/Niagara/Content/Functions/V2/CalculateRandomRangeInteger.uasset" 635
"../../../Engine/Plugins/FX/Niagara/Content/Functions/V2/CalculateRandomRangeInteger.uexp" 636
"../../../Engine/Plugins/FX/Niagara/Content/Functions/V2/CalculateRandomBool.uasset" 637
"../../../Engine/Plugins/FX/Niagara/Content/Functions/V2/CalculateRandomBool.uexp" 638
"../../../Engine/Plugins/FX/Niagara/Content/Modules/Spawn/Initialization/V2/InitializeParticle.uasset" 639
"../../../Engine/Plugins/FX/Niagara/Content/Modules/Spawn/Initialization/V2/InitializeParticle.uexp" 640
"../../../Engine/Content/EngineMaterials/Good64x64TilingNoiseHighFreq.uasset" 641
"../../../Engine/Content/EngineMaterials/Good64x64TilingNoiseHighFreq.uexp" 642
"../../../Engine/Content/Functions/Engine_MaterialFunctions02/Utility/DepthFromWorldPosition.uasset" 643
"../../../Engine/Content/Functions/Engine_MaterialFunctions02/Utility/DepthFromWorldPosition.uexp" 644
"C:/Users/Quentin Steinke/Desktop/Temp/MyProject/Content/VRTemplate/Materials/Functions/MF_OccludedPixels.uasset" 645
"C:/Users/Quentin Steinke/Desktop/Temp/MyProject/Content/VRTemplate/Materials/Functions/MF_OccludedPixels.uexp" 646
"C:/Users/Quentin Steinke/Desktop/Temp/MyProject/Content/VRTemplate/Materials/M_TeleportNoise.uasset" 647
"C:/Users/Quentin Steinke/Desktop/Temp/MyProject/Content/VRTemplate/Materials/M_TeleportNoise.uexp" 648
"C:/Users/Quentin Steinke/Desktop/Temp/MyProject/Content/VRTemplate/Materials/M_TeleportCylinder.uasset" 649
"C:/Users/Quentin Steinke/Desktop/Temp/MyProject/Content/VRTemplate/Materials/M_TeleportCylinder.uexp" 650
"C:/Users/Quentin Steinke/Desktop/Temp/MyProject/Content/VRTemplate/VFX/NS_TeleportRing.uasset" 651
"C:/Users/Quentin Steinke/Desktop/Temp/MyProject/Content/VRTemplate/VFX/NS_TeleportRing.uexp" 652
"../../../Engine/Plugins/FX/Niagara/Content/Enums/ENiagaraArraySamplingMode.uasset" 653
"../../../Engine/Plugins/FX/Niagara/Content/Enums/ENiagaraArraySamplingMode.uexp" 654
"../../../Engine/Plugins/FX/Niagara/Content/Enums/ENiagara_WrapClamp.uasset" 655
"../../../Engine/Plugins/FX/Niagara/Content/Enums/ENiagara_WrapClamp.uexp" 656
"../../../Engine/Plugins/FX/Niagara/Content/DynamicInputs/Multiply/Multiply_Vector.uasset" 657
"../../../Engine/Plugins/FX/Niagara/Content/DynamicInputs/Multiply/Multiply_Vector.uexp" 658
"../../../Engine/Plugins/FX/Niagara/Content/DynamicInputs/Execution/ReturnExecIndex.uasset" 659
"../../../Engine/Plugins/FX/Niagara/Content/DynamicInputs/Execution/ReturnExecIndex.uexp" 660
"../../../Engine/Plugins/FX/Niagara/Content/DynamicInputs/Arrays/SelectVectorFromArray.uasset" 661
"../../../Engine/Plugins/FX/Niagara/Content/DynamicInputs/Arrays/SelectVectorFromArray.uexp" 662
"C:/Users/Quentin Steinke/Desktop/Temp/MyProject/Content/VRTemplate/VFX/NS_PlayAreaBounds.uasset" 663
"C:/Users/Quentin Steinke/Desktop/Temp/MyProject/Content/VRTemplate/VFX/NS_PlayAreaBounds.uexp" 664
"C:/Users/Quentin Steinke/Desktop/Temp/MyProject/Content/VRTemplate/Blueprints/VRTeleportVisualizer.uasset" 665
"C:/Users/Quentin Steinke/Desktop/Temp/MyProject/Content/VRTemplate/Blueprints/VRTeleportVisualizer.uexp" 666
"C:/Users/Quentin Steinke/Desktop/Temp/MyProject/Content/VRTemplate/Blueprints/WidgetMenu.uasset" 667
"C:/Users/Quentin Steinke/Desktop/Temp/MyProject/Content/VRTemplate/Blueprints/WidgetMenu.uexp" 668
"../../../Engine/Content/BasicShapes/Sphere.uasset" 669
"../../../Engine/Content/BasicShapes/Sphere.uexp" 670
"C:/Users/Quentin Steinke/Desktop/Temp/MyProject/Content/VRTemplate/VFX/NS_MenuLaser.uasset" 671
"C:/Users/Quentin Steinke/Desktop/Temp/MyProject/Content/VRTemplate/VFX/NS_MenuLaser.uexp" 672
"C:/Users/Quentin Steinke/Desktop/Temp/MyProject/Content/VRTemplate/Materials/M_VRCursor.uasset" 673
"C:/Users/Quentin Steinke/Desktop/Temp/MyProject/Content/VRTemplate/Materials/M_VRCursor.uexp" 674
"C:/Users/Quentin Steinke/Desktop/Temp/MyProject/Content/VRTemplate/Blueprints/Menu.uasset" 675
"C:/Users/Quentin Steinke/Desktop/Temp/MyProject/Content/VRTemplate/Blueprints/Menu.uexp" 676
"C:/Users/Quentin Steinke/Desktop/Temp/MyProject/Content/VRTemplate/Blueprints/VRInteractionBPI.uasset" 677
"C:/Users/Quentin Steinke/Desktop/Temp/MyProject/Content/VRTemplate/Blueprints/VRInteractionBPI.uexp" 678
"C:/Users/Quentin Steinke/Desktop/Temp/MyProject/Content/VRTemplate/Blueprints/GrabType.uasset" 679
"C:/Users/Quentin Steinke/Desktop/Temp/MyProject/Content/VRTemplate/Blueprints/GrabType.uexp" 680
"C:/Users/Quentin Steinke/Desktop/Temp/MyProject/Content/VRTemplate/Haptics/GrabHapticEffect.uasset" 681
"C:/Users/Quentin Steinke/Desktop/Temp/MyProject/Content/VRTemplate/Haptics/GrabHapticEffect.uexp" 682
"C:/Users/Quentin Steinke/Desktop/Temp/MyProject/Content/VRTemplate/Blueprints/GrabComponent.uasset" 683
"C:/Users/Quentin Steinke/Desktop/Temp/MyProject/Content/VRTemplate/Blueprints/GrabComponent.uexp" 684
"C:/Users/Quentin Steinke/Desktop/Temp/MyProject/Content/VRTemplate/Blueprints/VRPawn.uasset" 685
"C:/Users/Quentin Steinke/Desktop/Temp/MyProject/Content/VRTemplate/Blueprints/VRPawn.uexp" 686
"C:/Users/Quentin Steinke/Desktop/Temp/MyProject/Content/VRTemplate/Blueprints/VRGameMode.uasset" 687
"C:/Users/Quentin Steinke/Desktop/Temp/MyProject/Content/VRTemplate/Blueprints/VRGameMode.uexp" 688
"C:/Users/Quentin Steinke/Desktop/Temp/MyProject/Content/VRTemplate/Haptics/PistolFireHapticEffect.uasset" 689
"C:/Users/Quentin Steinke/Desktop/Temp/MyProject/Content/VRTemplate/Haptics/PistolFireHapticEffect.uexp" 690
"C:/Users/Quentin Steinke/Desktop/Temp/MyProject/Content/VRTemplate/Materials/M_Projectile.uasset" 691
"C:/Users/Quentin Steinke/Desktop/Temp/MyProject/Content/VRTemplate/Materials/M_Projectile.uexp" 692
"C:/Users/Quentin Steinke/Desktop/Temp/MyProject/Content/VRTemplate/Materials/MI_Projectile.uasset" 693
"C:/Users/Quentin Steinke/Desktop/Temp/MyProject/Content/VRTemplate/Materials/MI_Projectile.uexp" 694
"C:/Users/Quentin Steinke/Desktop/Temp/MyProject/Content/VRTemplate/Blueprints/Projectile.uasset" 695
"C:/Users/Quentin Steinke/Desktop/Temp/MyProject/Content/VRTemplate/Blueprints/Projectile.uexp" 696
"C:/Users/Quentin Steinke/Desktop/Temp/MyProject/Content/FPWeapon/Mesh/SK_FPGun_Skeleton.uasset" 697
"C:/Users/Quentin Steinke/Desktop/Temp/MyProject/Content/FPWeapon/Mesh/SK_FPGun_Skeleton.uexp" 698
"C:/Users/Quentin Steinke/Desktop/Temp/MyProject/Content/FPWeapon/Mesh/SK_FPGun_PhysicsAsset.uasset" 699
"C:/Users/Quentin Steinke/Desktop/Temp/MyProject/Content/FPWeapon/Mesh/SK_FPGun_PhysicsAsset.uexp" 700
"C:/Users/Quentin Steinke/Desktop/Temp/MyProject/Content/FPWeapon/Textures/T_FPGun_N.uasset" 701
"C:/Users/Quentin Steinke/Desktop/Temp/MyProject/Content/FPWeapon/Textures/T_FPGun_N.uexp" 702
"C:/Users/Quentin Steinke/Desktop/Temp/MyProject/Content/FPWeapon/Textures/T_FPGun_N.ubulk" 703
"C:/Users/Quentin Steinke/Desktop/Temp/MyProject/Content/FPWeapon/Textures/T_FPGun_M.uasset" 704
"C:/Users/Quentin Steinke/Desktop/Temp/MyProject/Content/FPWeapon/Textures/T_FPGun_M.uexp" 705
"C:/Users/Quentin Steinke/Desktop/Temp/MyProject/Content/FPWeapon/Textures/T_FPGun_M.ubulk" 706
"C:/Users/Quentin Steinke/Desktop/Temp/MyProject/Content/FPWeapon/Materials/MaterialLayers/T_ML_Rubber_Blue_01_N.uasset" 707
"C:/Users/Quentin Steinke/Desktop/Temp/MyProject/Content/FPWeapon/Materials/MaterialLayers/T_ML_Rubber_Blue_01_N.uexp" 708
"C:/Users/Quentin Steinke/Desktop/Temp/MyProject/Content/FPWeapon/Materials/MaterialLayers/T_ML_Rubber_Blue_01_N.ubulk" 709
"C:/Users/Quentin Steinke/Desktop/Temp/MyProject/Content/FPWeapon/Materials/MaterialLayers/T_ML_Rubber_Blue_01_D.uasset" 710
"C:/Users/Quentin Steinke/Desktop/Temp/MyProject/Content/FPWeapon/Materials/MaterialLayers/T_ML_Rubber_Blue_01_D.uexp" 711
"C:/Users/Quentin Steinke/Desktop/Temp/MyProject/Content/FPWeapon/Materials/MaterialLayers/T_ML_Rubber_Blue_01_D.ubulk" 712
"C:/Users/Quentin Steinke/Desktop/Temp/MyProject/Content/FPWeapon/Materials/MaterialLayers/T_ML_Aluminum01_N.uasset" 713
"C:/Users/Quentin Steinke/Desktop/Temp/MyProject/Content/FPWeapon/Materials/MaterialLayers/T_ML_Aluminum01_N.uexp" 714
"C:/Users/Quentin Steinke/Desktop/Temp/MyProject/Content/FPWeapon/Materials/MaterialLayers/T_ML_Aluminum01_N.ubulk" 715
"C:/Users/Quentin Steinke/Desktop/Temp/MyProject/Content/FPWeapon/Materials/MaterialLayers/T_ML_Aluminum01.uasset" 716
"C:/Users/Quentin Steinke/Desktop/Temp/MyProject/Content/FPWeapon/Materials/MaterialLayers/T_ML_Aluminum01.uexp" 717
"C:/Users/Quentin Steinke/Desktop/Temp/MyProject/Content/FPWeapon/Materials/MaterialLayers/T_ML_Aluminum01.ubulk" 718
"C:/Users/Quentin Steinke/Desktop/Temp/MyProject/Content/FPWeapon/Materials/MaterialLayers/ML_SoftMetal_UE4.uasset" 719
"C:/Users/Quentin Steinke/Desktop/Temp/MyProject/Content/FPWeapon/Materials/MaterialLayers/ML_SoftMetal_UE4.uexp" 720
"C:/Users/Quentin Steinke/Desktop/Temp/MyProject/Content/FPWeapon/Materials/MaterialLayers/ML_Screen.uasset" 721
"C:/Users/Quentin Steinke/Desktop/Temp/MyProject/Content/FPWeapon/Materials/MaterialLayers/ML_Screen.uexp" 722
"C:/Users/Quentin Steinke/Desktop/Temp/MyProject/Content/FPWeapon/Materials/MaterialLayers/ML_Plastic_Shiny_Beige.uasset" 723
"C:/Users/Quentin Steinke/Desktop/Temp/MyProject/Content/FPWeapon/Materials/MaterialLayers/ML_Plastic_Shiny_Beige.uexp" 724
"C:/Users/Quentin Steinke/Desktop/Temp/MyProject/Content/FPWeapon/Materials/MaterialLayers/ML_GlossyBlack_Latex_UE4.uasset" 725
"C:/Users/Quentin Steinke/Desktop/Temp/MyProject/Content/FPWeapon/Materials/MaterialLayers/ML_GlossyBlack_Latex_UE4.uexp" 726
"../../../Engine/Content/Functions/MaterialLayerFunctions/MatLayerBlend_Simple.uasset" 727
"../../../Engine/Content/Functions/MaterialLayerFunctions/MatLayerBlend_Simple.uexp" 728
"../../../Engine/Content/Functions/Engine_MaterialFunctions02/Utility/BlendAngleCorrectedNormals.uasset" 729
"../../../Engine/Content/Functions/Engine_MaterialFunctions02/Utility/BlendAngleCorrectedNormals.uexp" 730
"../../../Engine/Content/Functions/MaterialLayerFunctions/MatLayerBlend_NormalBlend.uasset" 731
"../../../Engine/Content/Functions/MaterialLayerFunctions/MatLayerBlend_NormalBlend.uexp" 732
"C:/Users/Quentin Steinke/Desktop/Temp/MyProject/Content/FPWeapon/Materials/M_FPGun.uasset" 733
"C:/Users/Quentin Steinke/Desktop/Temp/MyProject/Content/FPWeapon/Materials/M_FPGun.uexp" 734
"C:/Users/Quentin Steinke/Desktop/Temp/MyProject/Content/FPWeapon/Mesh/SK_FPGun.uasset" 735
"C:/Users/Quentin Steinke/Desktop/Temp/MyProject/Content/FPWeapon/Mesh/SK_FPGun.uexp" 736
"C:/Users/Quentin Steinke/Desktop/Temp/MyProject/Content/VRTemplate/Blueprints/Pistol.uasset" 737
"C:/Users/Quentin Steinke/Desktop/Temp/MyProject/Content/VRTemplate/Blueprints/Pistol.uexp" 738
"../../../Engine/Content/VREditor/BasicMeshes/T_CleanFloorGrunge_01_D.uasset" 739
"../../../Engine/Content/VREditor/BasicMeshes/T_CleanFloorGrunge_01_D.uexp" 740
"../../../Engine/Content/VREditor/BasicMeshes/T_CleanFloorGrunge_01_D.ubulk" 741
"../../../Engine/Content/VREditor/BasicMeshes/M_Floor_01.uasset" 742
"../../../Engine/Content/VREditor/BasicMeshes/M_Floor_01.uexp" 743
"../../../Engine/Content/VREditor/BasicMeshes/MI_Cube_01.uasset" 744
"../../../Engine/Content/VREditor/BasicMeshes/MI_Cube_01.uexp" 745
"../../../Engine/Content/VREditor/BasicMeshes/SM_Cube_01.uasset" 746
"../../../Engine/Content/VREditor/BasicMeshes/SM_Cube_01.uexp" 747
"C:/Users/Quentin Steinke/Desktop/Temp/MyProject/Content/VRTemplate/Blueprints/Grabbable_SmallCube.uasset" 748
"C:/Users/Quentin Steinke/Desktop/Temp/MyProject/Content/VRTemplate/Blueprints/Grabbable_SmallCube.uexp" 749
"C:/Users/Quentin Steinke/Desktop/Temp/MyProject/Content/VRTemplate/Audio/Fire01.uasset" 750
"C:/Users/Quentin Steinke/Desktop/Temp/MyProject/Content/VRTemplate/Audio/Fire01.uexp" 751
"C:/Users/Quentin Steinke/Desktop/Temp/MyProject/Content/VRTemplate/Audio/Fire_Cue.uasset" 752
"C:/Users/Quentin Steinke/Desktop/Temp/MyProject/Content/VRTemplate/Audio/Fire_Cue.uexp" 753
"../../../Engine/Content/EditorResources/MatineeCam_D.uasset" 754
"../../../Engine/Content/EditorResources/MatineeCam_D.uexp" 755
"../../../Engine/Content/EditorMaterials/MatineeCam_mat.uasset" 756
"../../../Engine/Content/EditorMaterials/MatineeCam_mat.uexp" 757
"../../../Engine/Content/EditorMeshes/MatineeCam_SM.uasset" 758
"../../../Engine/Content/EditorMeshes/MatineeCam_SM.uexp" 759
"C:/Users/Quentin Steinke/Desktop/Temp/MyProject/Content/VRSpectator/RT_VRSpectator.uasset" 760
"C:/Users/Quentin Steinke/Desktop/Temp/MyProject/Content/VRSpectator/RT_VRSpectator.uexp" 761
"C:/Users/Quentin Steinke/Desktop/Temp/MyProject/Content/VRSpectator/VRSpectator.uasset" 762
"C:/Users/Quentin Steinke/Desktop/Temp/MyProject/Content/VRSpectator/VRSpectator.uexp" 763
"C:/Users/Quentin Steinke/Desktop/Temp/MyProject/Content/Geometry/Meshes/CubeMaterial.uasset" 764
"C:/Users/Quentin Steinke/Desktop/Temp/MyProject/Content/Geometry/Meshes/CubeMaterial.uexp" 765
"C:/Users/Quentin Steinke/Desktop/Temp/MyProject/Content/Geometry/Meshes/TemplateFloor.uasset" 766
"C:/Users/Quentin Steinke/Desktop/Temp/MyProject/Content/Geometry/Meshes/TemplateFloor.uexp" 767
"C:/Users/Quentin Steinke/Desktop/Temp/MyProject/Content/Geometry/Meshes/1M_Cube_Chamfer.uasset" 768
"C:/Users/Quentin Steinke/Desktop/Temp/MyProject/Content/Geometry/Meshes/1M_Cube_Chamfer.uexp" 769
"C:/Users/Quentin Steinke/Desktop/Temp/MyProject/Content/Geometry/Meshes/1M_Cube.uasset" 770
"C:/Users/Quentin Steinke/Desktop/Temp/MyProject/Content/Geometry/Meshes/1M_Cube.uexp" 771
"../../../Engine/Content/VREditor/BasicMeshes/MI_Ball_01.uasset" 772
"../../../Engine/Content/VREditor/BasicMeshes/MI_Ball_01.uexp" 773
"../../../Engine/Content/VREditor/BasicMeshes/SM_Ball_01.uasset" 774
"../../../Engine/Content/VREditor/BasicMeshes/SM_Ball_01.uexp" 775
"../../../Engine/Content/BasicShapes/Cube.uasset" 776
"../../../Engine/Content/BasicShapes/Cube.uexp" 777
"C:/Users/Quentin Steinke/Desktop/Temp/MyProject/Content/VRTemplate/Textures/T_Grid.uasset" 778
"C:/Users/Quentin Steinke/Desktop/Temp/MyProject/Content/VRTemplate/Textures/T_Grid.uexp" 779
"C:/Users/Quentin Steinke/Desktop/Temp/MyProject/Content/VRTemplate/Textures/T_Grid.ubulk" 780
"../../../Engine/Content/Functions/Engine_MaterialFunctions02/Utility/MakeFloat3.uasset" 781
"../../../Engine/Content/Functions/Engine_MaterialFunctions02/Utility/MakeFloat3.uexp" 782
"../../../Engine/Content/Functions/Engine_MaterialFunctions02/Utility/AppendMany.uasset" 783
"../../../Engine/Content/Functions/Engine_MaterialFunctions02/Utility/AppendMany.uexp" 784
"../../../Engine/Content/Functions/Engine_MaterialFunctions01/Gradient/LinearGradient.uasset" 785
"../../../Engine/Content/Functions/Engine_MaterialFunctions01/Gradient/LinearGradient.uexp" 786
"../../../Engine/Content/Functions/Engine_MaterialFunctions01/ImageAdjustment/CheapContrast.uasset" 787
"../../../Engine/Content/Functions/Engine_MaterialFunctions01/ImageAdjustment/CheapContrast.uexp" 788
"../../../Engine/Content/Functions/Engine_MaterialFunctions01/Texturing/WorldAlignedTexture.uasset" 789
"../../../Engine/Content/Functions/Engine_MaterialFunctions01/Texturing/WorldAlignedTexture.uexp" 790
"C:/Users/Quentin Steinke/Desktop/Temp/MyProject/Content/VRTemplate/Materials/M_GridRotation.uasset" 791
"C:/Users/Quentin Steinke/Desktop/Temp/MyProject/Content/VRTemplate/Materials/M_GridRotation.uexp" 792
"C:/Users/Quentin Steinke/Desktop/Temp/MyProject/Content/VRTemplate/Materials/MI_Grid_Default.uasset" 793
"C:/Users/Quentin Steinke/Desktop/Temp/MyProject/Content/VRTemplate/Materials/MI_Grid_Default.uexp" 794
"C:/Users/Quentin Steinke/Desktop/Temp/MyProject/Content/VRTemplate/Materials/MI_Grid_Accent.uasset" 795
"C:/Users/Quentin Steinke/Desktop/Temp/MyProject/Content/VRTemplate/Materials/MI_Grid_Accent.uexp" 796
"C:/Users/Quentin Steinke/Desktop/Temp/MyProject/Content/VRTemplate/Maps/VRTemplateMap.uexp" 797
"C:/Users/Quentin Steinke/Desktop/Temp/MyProject/Content/VRTemplate/Maps/VRTemplateMap.umap" 798
"../../../Engine/Content/Maps/Entry_BuiltData.uasset" 799
"../../../Engine/Content/Maps/Entry_BuiltData.uexp" 800
"../../../Engine/Content/Maps/Entry.uexp" 801
"../../../Engine/Content/Maps/Entry.umap" 802
